<?xml version="1.0" encoding="UTF-8"?>
<testng-results skipped="0" failed="0" ignored="0" total="1" passed="1">
  <reporter-output>
  </reporter-output>
  <suite name="Default suite" duration-ms="9008" started-at="2019-10-15T05:45:39Z" finished-at="2019-10-15T05:45:48Z">
    <groups>
    </groups>
    <test name="Default test" duration-ms="9008" started-at="2019-10-15T05:45:39Z" finished-at="2019-10-15T05:45:48Z">
      <class name="Hashtags">
        <test-method status="PASS" signature="Trends()[pri:0, instance:Hashtags@13a5fe33]" name="Trends" duration-ms="8980" started-at="2019-10-15T11:15:40Z" finished-at="2019-10-15T11:15:48Z">
          <reporter-output>
          </reporter-output>
        </test-method> <!-- Trends -->
      </class> <!-- Hashtags -->
    </test> <!-- Default test -->
  </suite> <!-- Default suite -->
</testng-results>
